<?xml version="1.0" encoding="UTF-8"?>
<testsuite xmlns:xsi="http://www.w3.org/2001/XMLSchema-instance" xsi:noNamespaceSchemaLocation="https://maven.apache.org/surefire/maven-surefire-plugin/xsd/surefire-test-report.xsd" name="hu.meiit.haladojava.UserControllerTest" time="0.076" tests="2" errors="1" skipped="0" failures="0">
  <properties>
[...]
</properties>
  <testcase name="getAll" classname="hu.meiit.haladojava.UserControllerTest" time="0.03"/>
  <testcase name="createWhenAllValidatorAccept" classname="hu.meiit.haladojava.UserControllerTest" time="0.024">
    <error type="java.lang.NullPointerException">java.lang.NullPointerException
	at hu.meiit.haladojava.UserControllerTest.createWhenAllValidatorAccept(UserControllerTest.java:43)
</error>
  </testcase>
</testsuite>